0 info it worked if it ends with ok
1 verbose cli [ '/Users/alex/.nvm/v0.10.41/bin/node',
1 verbose cli   '/Users/alex/.nvm/v0.10.41/bin/npm',
1 verbose cli   'adduser' ]
2 info using npm@1.4.29
3 info using node@v0.10.41
4 warn deprecated This version of npm lacks support for important features,
5 warn deprecated such as scoped packages, offered by the primary npm
6 warn deprecated registry. Consider upgrading to at least npm@2, if not the
7 warn deprecated latest stable version. To upgrade to npm@2, run:
8 warn deprecated npm -g install npm@latest-2
9 warn deprecated To upgrade to the latest stable version, run:
10 warn deprecated npm -g install npm@latest
11 warn deprecated (Depending on how Node.js was installed on your system, you
12 warn deprecated may need to prefix the preceding commands with `sudo`, or if
13 warn deprecated on Windows, run them from an Administrator prompt.)
14 warn deprecated If you're running the version of npm bundled with
15 warn deprecated Node.js 0.10 LTS, be aware that the next version of 0.10 LTS
16 warn deprecated will be bundled with a version of npm@2, which has some small
17 warn deprecated backwards-incompatible changes made to `npm run-script` and
18 warn deprecated semver behavior.
19 verbose adduser before first PUT { name: 'agilbert',
19 verbose adduser   password: 'XXXXX',
19 verbose adduser   email: 'alex@punkave.com',
19 verbose adduser   _id: 'org.couchdb.user:agilbert',
19 verbose adduser   type: 'user',
19 verbose adduser   roles: [],
19 verbose adduser   date: '2016-01-27T20:21:49.779Z' }
20 verbose request where is /-/user/org.couchdb.user:agilbert
21 verbose request registry https://registry.npmjs.org/
22 verbose request id 98d214540985dec1
23 verbose url raw /-/user/org.couchdb.user:agilbert
24 verbose url resolving [ 'https://registry.npmjs.org/',
24 verbose url resolving   './-/user/org.couchdb.user:agilbert' ]
25 verbose url resolved https://registry.npmjs.org/-/user/org.couchdb.user:agilbert
26 verbose request where is https://registry.npmjs.org/-/user/org.couchdb.user:agilbert
27 info trying registry request attempt 1 at 15:21:49
28 http PUT https://registry.npmjs.org/-/user/org.couchdb.user:agilbert
29 http 400 https://registry.npmjs.org/-/user/org.couchdb.user:agilbert
30 verbose headers { 'content-type': 'application/json',
30 verbose headers   'cache-control': 'max-age=300',
30 verbose headers   'content-length': '57',
30 verbose headers   'accept-ranges': 'bytes',
30 verbose headers   date: 'Wed, 27 Jan 2016 20:21:50 GMT',
30 verbose headers   via: '1.1 varnish',
30 verbose headers   connection: 'keep-alive',
30 verbose headers   'x-served-by': 'cache-atl6225-ATL',
30 verbose headers   'x-cache': 'MISS',
30 verbose headers   'x-cache-hits': '0',
30 verbose headers   'x-timer': 'S1453926110.289631,VS0,VE568' }
31 verbose adduser back [ [Error: Unknown error while authenticating : -/user/org.couchdb.user:agilbert],
31 verbose adduser   { ok: false, error: 'Unknown error while authenticating' },
31 verbose adduser   '{"ok":false,"error":"Unknown error while authenticating"}' ]
32 error Error: Unknown error while authenticating : -/user/org.couchdb.user:agilbert
32 error     at RegClient.<anonymous> (/Users/alex/.nvm/v0.10.41/lib/node_modules/npm/node_modules/npm-registry-client/lib/request.js:308:14)
32 error     at Request._callback (/Users/alex/.nvm/v0.10.41/lib/node_modules/npm/node_modules/npm-registry-client/lib/request.js:246:65)
32 error     at Request.self.callback (/Users/alex/.nvm/v0.10.41/lib/node_modules/npm/node_modules/request/request.js:236:22)
32 error     at Request.emit (events.js:98:17)
32 error     at Request.<anonymous> (/Users/alex/.nvm/v0.10.41/lib/node_modules/npm/node_modules/request/request.js:1142:14)
32 error     at Request.emit (events.js:117:20)
32 error     at IncomingMessage.<anonymous> (/Users/alex/.nvm/v0.10.41/lib/node_modules/npm/node_modules/request/request.js:1096:12)
32 error     at IncomingMessage.emit (events.js:117:20)
32 error     at _stream_readable.js:944:16
32 error     at process._tickCallback (node.js:448:13)
33 error If you need help, you may report this *entire* log,
33 error including the npm and node versions, at:
33 error     <http://github.com/npm/npm/issues>
34 error System Darwin 15.2.0
35 error command "/Users/alex/.nvm/v0.10.41/bin/node" "/Users/alex/.nvm/v0.10.41/bin/npm" "adduser"
36 error cwd /Users/alex/Code/apostrophe-preferences
37 error node -v v0.10.41
38 error npm -v 1.4.29
39 verbose exit [ 1, true ]
